<?xml version="1.0" encoding="UTF-8"?>
<!-- Generated by org.testng.reporters.JUnitXMLReporter -->
<testsuite ignored="0" hostname="LAPTOP-2LL6TAB5" failures="0" tests="6" name="Default test" time="148.236" errors="0" timestamp="2022-11-04T23:50:16 IST">
  <testcase classname="shopingCartFinalProject" name="TestShopping" time="35.175"/>
  <testcase classname="shopingCartFinalProject" name="TestShopping" time="37.041"/>
  <testcase classname="shopingCartFinalProject" name="TestShopping" time="36.446"/>
  <testcase classname="shopingCartFinalProject" name="allureResults" time="0.007"/>
  <testcase classname="shopingCartFinalProject" name="fillCheckOutForm" time="39.361"/>
  <testcase classname="shopingCartFinalProject" name="getResult" time="0.009"/>
</testsuite> <!-- Default test -->
